C:\USERS\SHIHAO\DOCUMENTS\C_TUTOR\STAGE_DEMO\BUILD\STAGE_SCAN.DIR\DEBUG\STAGE_SCAN_SRC.OBJ
C:\USERS\SHIHAO\DOCUMENTS\C_TUTOR\STAGE_DEMO\BUILD\STAGE_SCAN.DIR\DEBUG\VC110.PDB
C:\USERS\SHIHAO\DOCUMENTS\C_TUTOR\STAGE_DEMO\BUILD\CMAKEFILES\GENERATE.STAMP
C:\USERS\SHIHAO\DOCUMENTS\C_TUTOR\STAGE_DEMO\BUILD\STAGE_SCAN.ILK
C:\USERS\SHIHAO\DOCUMENTS\C_TUTOR\STAGE_DEMO\BUILD\STAGE_SCAN.EXE
C:\USERS\SHIHAO\DOCUMENTS\C_TUTOR\STAGE_DEMO\BUILD\STAGE_SCAN.PDB
C:\Users\shihao\Documents\C_tutor\stage_demo\build\stage_scan.dir\Debug\stage_scan_src.obj
C:\Users\shihao\Documents\C_tutor\stage_demo\build\stage_scan.dir\Debug\cl.command.1.tlog
C:\Users\shihao\Documents\C_tutor\stage_demo\build\stage_scan.dir\Debug\CL.read.1.tlog
C:\Users\shihao\Documents\C_tutor\stage_demo\build\stage_scan.dir\Debug\CL.write.1.tlog
C:\Users\shihao\Documents\C_tutor\stage_demo\build\stage_scan.dir\Debug\custombuild.command.1.tlog
C:\Users\shihao\Documents\C_tutor\stage_demo\build\stage_scan.dir\Debug\custombuild.read.1.tlog
C:\Users\shihao\Documents\C_tutor\stage_demo\build\stage_scan.dir\Debug\custombuild.write.1.tlog
C:\Users\shihao\Documents\C_tutor\stage_demo\build\stage_scan.dir\Debug\link-cvtres.read.1.tlog
C:\Users\shihao\Documents\C_tutor\stage_demo\build\stage_scan.dir\Debug\link-cvtres.write.1.tlog
C:\Users\shihao\Documents\C_tutor\stage_demo\build\stage_scan.dir\Debug\link-rc.read.1.tlog
C:\Users\shihao\Documents\C_tutor\stage_demo\build\stage_scan.dir\Debug\link-rc.write.1.tlog
C:\Users\shihao\Documents\C_tutor\stage_demo\build\stage_scan.dir\Debug\link.command.1.tlog
C:\Users\shihao\Documents\C_tutor\stage_demo\build\stage_scan.dir\Debug\link.read.1.tlog
C:\Users\shihao\Documents\C_tutor\stage_demo\build\stage_scan.dir\Debug\link.write.1.tlog
C:\Users\shihao\Documents\C_tutor\stage_demo\build\stage_scan.dir\Debug\vc110.pdb
C:\Users\shihao\Documents\C_tutor\stage_demo\build\stage_scan.exe
